<?xml version="1.0" encoding="UTF-8"?>
<testsuite name="com.jojoldu.book.springboot.web.ProfileControllerTest" tests="1" skipped="0" failures="0" errors="0" timestamp="2020-05-06T01:57:14" hostname="DESKTOP-HMD2HKU" time="0.019">
  <properties/>
  <testcase name="profile은_인증없이_호출된다" classname="com.jojoldu.book.springboot.web.ProfileControllerTest" time="0.019"/>
  <system-out><![CDATA[2020-05-06 10:57:14.256  INFO 4372 --- [    Test worker] .b.t.c.SpringBootTestContextBootstrapper : Neither @ContextConfiguration nor @ContextHierarchy found for test class [com.jojoldu.book.springboot.web.ProfileControllerTest], using SpringBootContextLoader
2020-05-06 10:57:14.258  INFO 4372 --- [    Test worker] o.s.t.c.support.AbstractContextLoader    : Could not detect default resource locations for test class [com.jojoldu.book.springboot.web.ProfileControllerTest]: no resource found for suffixes {-context.xml, Context.groovy}.
2020-05-06 10:57:14.258  INFO 4372 --- [    Test worker] t.c.s.AnnotationConfigContextLoaderUtils : Could not detect default configuration classes for test class [com.jojoldu.book.springboot.web.ProfileControllerTest]: ProfileControllerTest does not declare any static, non-private, non-final, nested classes annotated with @Configuration.
2020-05-06 10:57:14.261  INFO 4372 --- [    Test worker] .b.t.c.SpringBootTestContextBootstrapper : Found @SpringBootConfiguration com.jojoldu.book.springboot.Application for test class com.jojoldu.book.springboot.web.ProfileControllerTest
2020-05-06 10:57:14.262  INFO 4372 --- [    Test worker] .b.t.c.SpringBootTestContextBootstrapper : Loaded default TestExecutionListener class names from location [META-INF/spring.factories]: [org.springframework.security.test.context.support.WithSecurityContextTestExecutionListener, org.springframework.security.test.context.support.ReactorContextTestExecutionListener, org.springframework.boot.test.autoconfigure.restdocs.RestDocsTestExecutionListener, org.springframework.boot.test.autoconfigure.web.client.MockRestServiceServerResetTestExecutionListener, org.springframework.boot.test.autoconfigure.web.servlet.MockMvcPrintOnlyOnFailureTestExecutionListener, org.springframework.boot.test.autoconfigure.web.servlet.WebDriverTestExecutionListener, org.springframework.boot.test.mock.mockito.MockitoTestExecutionListener, org.springframework.boot.test.mock.mockito.ResetMocksTestExecutionListener, org.springframework.test.context.web.ServletTestExecutionListener, org.springframework.test.context.support.DirtiesContextBeforeModesTestExecutionListener, org.springframework.test.context.support.DependencyInjectionTestExecutionListener, org.springframework.test.context.support.DirtiesContextTestExecutionListener, org.springframework.test.context.transaction.TransactionalTestExecutionListener, org.springframework.test.context.jdbc.SqlScriptsTestExecutionListener]
2020-05-06 10:57:14.264  INFO 4372 --- [    Test worker] .b.t.c.SpringBootTestContextBootstrapper : Using TestExecutionListeners: [org.springframework.test.context.web.ServletTestExecutionListener@201348a5, org.springframework.test.context.support.DirtiesContextBeforeModesTestExecutionListener@51671d54, org.springframework.boot.test.mock.mockito.MockitoTestExecutionListener@7da3a8d7, org.springframework.boot.test.autoconfigure.SpringBootDependencyInjectionTestExecutionListener@1b54bb3f, org.springframework.test.context.support.DirtiesContextTestExecutionListener@21388e90, org.springframework.test.context.transaction.TransactionalTestExecutionListener@485cba5e, org.springframework.test.context.jdbc.SqlScriptsTestExecutionListener@28d95692, org.springframework.security.test.context.support.WithSecurityContextTestExecutionListener@16ea8df5, org.springframework.security.test.context.support.ReactorContextTestExecutionListener@7343cdb6, org.springframework.boot.test.autoconfigure.restdocs.RestDocsTestExecutionListener@5ee017ca, org.springframework.boot.test.autoconfigure.web.client.MockRestServiceServerResetTestExecutionListener@3cefa742, org.springframework.boot.test.autoconfigure.web.servlet.MockMvcPrintOnlyOnFailureTestExecutionListener@7e28100f, org.springframework.boot.test.autoconfigure.web.servlet.WebDriverTestExecutionListener@13eb5c01, org.springframework.boot.test.mock.mockito.ResetMocksTestExecutionListener@4d6b47f1]
]]></system-out>
  <system-err><![CDATA[]]></system-err>
</testsuite>
