<?xml version="1.0" encoding="UTF-8"?>
<testsuite name="com.jojoldu.book.springboot.web.ProfileControllerTest" tests="1" skipped="0" failures="0" errors="0" timestamp="2020-05-06T09:06:16" hostname="DESKTOP-HMD2HKU" time="0.015">
  <properties/>
  <testcase name="profile은_인증없이_호출된다" classname="com.jojoldu.book.springboot.web.ProfileControllerTest" time="0.015"/>
  <system-out><![CDATA[2020-05-06 18:06:16.776  INFO 9016 --- [    Test worker] .b.t.c.SpringBootTestContextBootstrapper : Neither @ContextConfiguration nor @ContextHierarchy found for test class [com.jojoldu.book.springboot.web.ProfileControllerTest], using SpringBootContextLoader
2020-05-06 18:06:16.776  INFO 9016 --- [    Test worker] o.s.t.c.support.AbstractContextLoader    : Could not detect default resource locations for test class [com.jojoldu.book.springboot.web.ProfileControllerTest]: no resource found for suffixes {-context.xml, Context.groovy}.
2020-05-06 18:06:16.776  INFO 9016 --- [    Test worker] t.c.s.AnnotationConfigContextLoaderUtils : Could not detect default configuration classes for test class [com.jojoldu.book.springboot.web.ProfileControllerTest]: ProfileControllerTest does not declare any static, non-private, non-final, nested classes annotated with @Configuration.
2020-05-06 18:06:16.776  INFO 9016 --- [    Test worker] .b.t.c.SpringBootTestContextBootstrapper : Found @SpringBootConfiguration com.jojoldu.book.springboot.Application for test class com.jojoldu.book.springboot.web.ProfileControllerTest
2020-05-06 18:06:16.776  INFO 9016 --- [    Test worker] .b.t.c.SpringBootTestContextBootstrapper : Loaded default TestExecutionListener class names from location [META-INF/spring.factories]: [org.springframework.security.test.context.support.WithSecurityContextTestExecutionListener, org.springframework.security.test.context.support.ReactorContextTestExecutionListener, org.springframework.boot.test.autoconfigure.restdocs.RestDocsTestExecutionListener, org.springframework.boot.test.autoconfigure.web.client.MockRestServiceServerResetTestExecutionListener, org.springframework.boot.test.autoconfigure.web.servlet.MockMvcPrintOnlyOnFailureTestExecutionListener, org.springframework.boot.test.autoconfigure.web.servlet.WebDriverTestExecutionListener, org.springframework.boot.test.mock.mockito.MockitoTestExecutionListener, org.springframework.boot.test.mock.mockito.ResetMocksTestExecutionListener, org.springframework.test.context.web.ServletTestExecutionListener, org.springframework.test.context.support.DirtiesContextBeforeModesTestExecutionListener, org.springframework.test.context.support.DependencyInjectionTestExecutionListener, org.springframework.test.context.support.DirtiesContextTestExecutionListener, org.springframework.test.context.transaction.TransactionalTestExecutionListener, org.springframework.test.context.jdbc.SqlScriptsTestExecutionListener]
2020-05-06 18:06:16.776  INFO 9016 --- [    Test worker] .b.t.c.SpringBootTestContextBootstrapper : Using TestExecutionListeners: [org.springframework.test.context.web.ServletTestExecutionListener@3cefa742, org.springframework.test.context.support.DirtiesContextBeforeModesTestExecutionListener@7e28100f, org.springframework.boot.test.mock.mockito.MockitoTestExecutionListener@13eb5c01, org.springframework.boot.test.autoconfigure.SpringBootDependencyInjectionTestExecutionListener@4d6b47f1, org.springframework.test.context.support.DirtiesContextTestExecutionListener@c7f3ca9, org.springframework.test.context.transaction.TransactionalTestExecutionListener@3269fd41, org.springframework.test.context.jdbc.SqlScriptsTestExecutionListener@7b2bb459, org.springframework.security.test.context.support.WithSecurityContextTestExecutionListener@6ce83002, org.springframework.security.test.context.support.ReactorContextTestExecutionListener@1987d342, org.springframework.boot.test.autoconfigure.restdocs.RestDocsTestExecutionListener@64f9b6c6, org.springframework.boot.test.autoconfigure.web.client.MockRestServiceServerResetTestExecutionListener@42d64f7c, org.springframework.boot.test.autoconfigure.web.servlet.MockMvcPrintOnlyOnFailureTestExecutionListener@6f931f04, org.springframework.boot.test.autoconfigure.web.servlet.WebDriverTestExecutionListener@4829dc77, org.springframework.boot.test.mock.mockito.ResetMocksTestExecutionListener@61cf1c32]
]]></system-out>
  <system-err><![CDATA[]]></system-err>
</testsuite>
