<?xml version="1.0" encoding="UTF-8"?>
<testsuite name="com.jojoldu.book.springboot.web.HelloControllerTest" tests="2" skipped="0" failures="0" errors="0" timestamp="2020-05-06T01:57:11" hostname="DESKTOP-HMD2HKU" time="0.176">
  <properties/>
  <testcase name="hello가_리턴된다" classname="com.jojoldu.book.springboot.web.HelloControllerTest" time="0.076"/>
  <testcase name="helloDto가_리턴된다" classname="com.jojoldu.book.springboot.web.HelloControllerTest" time="0.1"/>
  <system-out><![CDATA[2020-05-06 10:57:10.037  INFO 4372 --- [    Test worker] .b.t.a.w.s.WebMvcTestContextBootstrapper : Neither @ContextConfiguration nor @ContextHierarchy found for test class [com.jojoldu.book.springboot.web.HelloControllerTest], using SpringBootContextLoader
2020-05-06 10:57:10.039  INFO 4372 --- [    Test worker] o.s.t.c.support.AbstractContextLoader    : Could not detect default resource locations for test class [com.jojoldu.book.springboot.web.HelloControllerTest]: no resource found for suffixes {-context.xml, Context.groovy}.
2020-05-06 10:57:10.039  INFO 4372 --- [    Test worker] t.c.s.AnnotationConfigContextLoaderUtils : Could not detect default configuration classes for test class [com.jojoldu.book.springboot.web.HelloControllerTest]: HelloControllerTest does not declare any static, non-private, non-final, nested classes annotated with @Configuration.
2020-05-06 10:57:10.074  INFO 4372 --- [    Test worker] .b.t.c.SpringBootTestContextBootstrapper : Found @SpringBootConfiguration com.jojoldu.book.springboot.Application for test class com.jojoldu.book.springboot.web.HelloControllerTest
2020-05-06 10:57:10.075  INFO 4372 --- [    Test worker] .b.t.a.w.s.WebMvcTestContextBootstrapper : Loaded default TestExecutionListener class names from location [META-INF/spring.factories]: [org.springframework.security.test.context.support.WithSecurityContextTestExecutionListener, org.springframework.security.test.context.support.ReactorContextTestExecutionListener, org.springframework.boot.test.autoconfigure.restdocs.RestDocsTestExecutionListener, org.springframework.boot.test.autoconfigure.web.client.MockRestServiceServerResetTestExecutionListener, org.springframework.boot.test.autoconfigure.web.servlet.MockMvcPrintOnlyOnFailureTestExecutionListener, org.springframework.boot.test.autoconfigure.web.servlet.WebDriverTestExecutionListener, org.springframework.boot.test.mock.mockito.MockitoTestExecutionListener, org.springframework.boot.test.mock.mockito.ResetMocksTestExecutionListener, org.springframework.test.context.web.ServletTestExecutionListener, org.springframework.test.context.support.DirtiesContextBeforeModesTestExecutionListener, org.springframework.test.context.support.DependencyInjectionTestExecutionListener, org.springframework.test.context.support.DirtiesContextTestExecutionListener, org.springframework.test.context.transaction.TransactionalTestExecutionListener, org.springframework.test.context.jdbc.SqlScriptsTestExecutionListener]
2020-05-06 10:57:10.077  INFO 4372 --- [    Test worker] .b.t.a.w.s.WebMvcTestContextBootstrapper : Using TestExecutionListeners: [org.springframework.test.context.web.ServletTestExecutionListener@1d4bfd61, org.springframework.test.context.support.DirtiesContextBeforeModesTestExecutionListener@6cb7f722, org.springframework.boot.test.mock.mockito.MockitoTestExecutionListener@367efec3, org.springframework.boot.test.autoconfigure.SpringBootDependencyInjectionTestExecutionListener@44c1160e, org.springframework.test.context.support.DirtiesContextTestExecutionListener@6a35b02, org.springframework.test.context.transaction.TransactionalTestExecutionListener@55feb213, org.springframework.test.context.jdbc.SqlScriptsTestExecutionListener@1437d689, org.springframework.security.test.context.support.WithSecurityContextTestExecutionListener@588ac367, org.springframework.security.test.context.support.ReactorContextTestExecutionListener@44ede83f, org.springframework.boot.test.autoconfigure.restdocs.RestDocsTestExecutionListener@6423b49b, org.springframework.boot.test.autoconfigure.web.client.MockRestServiceServerResetTestExecutionListener@4e0aa508, org.springframework.boot.test.autoconfigure.web.servlet.MockMvcPrintOnlyOnFailureTestExecutionListener@4015d655, org.springframework.boot.test.autoconfigure.web.servlet.WebDriverTestExecutionListener@6b126278, org.springframework.boot.test.mock.mockito.ResetMocksTestExecutionListener@12ec94ed]

  .   ____          _            __ _ _
 /\\ / ___'_ __ _ _(_)_ __  __ _ \ \ \ \
( ( )\___ | '_ | '_| | '_ \/ _` | \ \ \ \
 \\/  ___)| |_)| | | | | || (_| |  ) ) ) )
  '  |____| .__|_| |_|_| |_\__, | / / / /
 =========|_|==============|___/=/_/_/_/
 :: Spring Boot ::        (v2.1.9.RELEASE)

2020-05-06 10:57:10.133  INFO 4372 --- [    Test worker] c.j.b.s.web.HelloControllerTest          : Starting HelloControllerTest on DESKTOP-HMD2HKU with PID 4372 (started by qkrru in C:\Users\qkrru\IdeaProjects\freeloc-springboot2-webservice)
2020-05-06 10:57:10.135  INFO 4372 --- [    Test worker] c.j.b.s.web.HelloControllerTest          : No active profile set, falling back to default profiles: default
2020-05-06 10:57:10.658  INFO 4372 --- [    Test worker] o.s.s.concurrent.ThreadPoolTaskExecutor  : Initializing ExecutorService 'applicationTaskExecutor'
2020-05-06 10:57:10.704  INFO 4372 --- [    Test worker] o.s.b.a.w.s.WelcomePageHandlerMapping    : Adding welcome page template: index
2020-05-06 10:57:10.939  INFO 4372 --- [    Test worker] .s.s.UserDetailsServiceAutoConfiguration : 

Using generated security password: d8dba951-ac06-439e-8226-d8a655cf238e

2020-05-06 10:57:11.096  INFO 4372 --- [    Test worker] o.s.s.web.DefaultSecurityFilterChain     : Creating filter chain: any request, [org.springframework.security.web.context.request.async.WebAsyncManagerIntegrationFilter@43aa8156, org.springframework.security.web.context.SecurityContextPersistenceFilter@7d8858d8, org.springframework.security.web.header.HeaderWriterFilter@22608928, org.springframework.security.web.csrf.CsrfFilter@7c0d4744, org.springframework.security.web.authentication.logout.LogoutFilter@4b784c92, org.springframework.security.web.authentication.UsernamePasswordAuthenticationFilter@5db0e218, org.springframework.security.web.authentication.ui.DefaultLoginPageGeneratingFilter@2de9a982, org.springframework.security.web.authentication.ui.DefaultLogoutPageGeneratingFilter@a9fe9e8, org.springframework.security.web.authentication.www.BasicAuthenticationFilter@66a431f6, org.springframework.security.web.savedrequest.RequestCacheAwareFilter@31f70300, org.springframework.security.web.servletapi.SecurityContextHolderAwareRequestFilter@1778f5df, org.springframework.security.web.authentication.AnonymousAuthenticationFilter@4df342cc, org.springframework.security.web.session.SessionManagementFilter@34c1cd47, org.springframework.security.web.access.ExceptionTranslationFilter@300f978e, org.springframework.security.web.access.intercept.FilterSecurityInterceptor@1c027b27]
2020-05-06 10:57:11.137  INFO 4372 --- [    Test worker] o.s.b.t.m.w.SpringBootMockServletContext : Initializing Spring TestDispatcherServlet ''
2020-05-06 10:57:11.137  INFO 4372 --- [    Test worker] o.s.t.web.servlet.TestDispatcherServlet  : Initializing Servlet ''
2020-05-06 10:57:11.152  INFO 4372 --- [    Test worker] o.s.t.web.servlet.TestDispatcherServlet  : Completed initialization in 15 ms
2020-05-06 10:57:11.191  INFO 4372 --- [    Test worker] c.j.b.s.web.HelloControllerTest          : Started HelloControllerTest in 1.109 seconds (JVM running for 9.906)
]]></system-out>
  <system-err><![CDATA[]]></system-err>
</testsuite>
