<?xml version="1.0" encoding="UTF-8"?>
<testsuite name="com.jojoldu.book.springboot.web.HelloControllerTest" tests="2" skipped="0" failures="0" errors="0" timestamp="2020-05-03T11:47:33" hostname="DESKTOP-HMD2HKU" time="0.175">
  <properties/>
  <testcase name="hello가_리턴된다" classname="com.jojoldu.book.springboot.web.HelloControllerTest" time="0.074"/>
  <testcase name="helloDto가_리턴된다" classname="com.jojoldu.book.springboot.web.HelloControllerTest" time="0.1"/>
  <system-out><![CDATA[2020-05-03 20:47:32.084  INFO 1984 --- [    Test worker] .b.t.a.w.s.WebMvcTestContextBootstrapper : Neither @ContextConfiguration nor @ContextHierarchy found for test class [com.jojoldu.book.springboot.web.HelloControllerTest], using SpringBootContextLoader
2020-05-03 20:47:32.085  INFO 1984 --- [    Test worker] o.s.t.c.support.AbstractContextLoader    : Could not detect default resource locations for test class [com.jojoldu.book.springboot.web.HelloControllerTest]: no resource found for suffixes {-context.xml, Context.groovy}.
2020-05-03 20:47:32.086  INFO 1984 --- [    Test worker] t.c.s.AnnotationConfigContextLoaderUtils : Could not detect default configuration classes for test class [com.jojoldu.book.springboot.web.HelloControllerTest]: HelloControllerTest does not declare any static, non-private, non-final, nested classes annotated with @Configuration.
2020-05-03 20:47:32.120  INFO 1984 --- [    Test worker] .b.t.c.SpringBootTestContextBootstrapper : Found @SpringBootConfiguration com.jojoldu.book.springboot.Application for test class com.jojoldu.book.springboot.web.HelloControllerTest
2020-05-03 20:47:32.121  INFO 1984 --- [    Test worker] .b.t.a.w.s.WebMvcTestContextBootstrapper : Loaded default TestExecutionListener class names from location [META-INF/spring.factories]: [org.springframework.security.test.context.support.WithSecurityContextTestExecutionListener, org.springframework.security.test.context.support.ReactorContextTestExecutionListener, org.springframework.boot.test.autoconfigure.restdocs.RestDocsTestExecutionListener, org.springframework.boot.test.autoconfigure.web.client.MockRestServiceServerResetTestExecutionListener, org.springframework.boot.test.autoconfigure.web.servlet.MockMvcPrintOnlyOnFailureTestExecutionListener, org.springframework.boot.test.autoconfigure.web.servlet.WebDriverTestExecutionListener, org.springframework.boot.test.mock.mockito.MockitoTestExecutionListener, org.springframework.boot.test.mock.mockito.ResetMocksTestExecutionListener, org.springframework.test.context.web.ServletTestExecutionListener, org.springframework.test.context.support.DirtiesContextBeforeModesTestExecutionListener, org.springframework.test.context.support.DependencyInjectionTestExecutionListener, org.springframework.test.context.support.DirtiesContextTestExecutionListener, org.springframework.test.context.transaction.TransactionalTestExecutionListener, org.springframework.test.context.jdbc.SqlScriptsTestExecutionListener]
2020-05-03 20:47:32.123  INFO 1984 --- [    Test worker] .b.t.a.w.s.WebMvcTestContextBootstrapper : Using TestExecutionListeners: [org.springframework.test.context.web.ServletTestExecutionListener@7bece54d, org.springframework.test.context.support.DirtiesContextBeforeModesTestExecutionListener@7a1c165b, org.springframework.boot.test.mock.mockito.MockitoTestExecutionListener@447afea8, org.springframework.boot.test.autoconfigure.SpringBootDependencyInjectionTestExecutionListener@443c933d, org.springframework.test.context.support.DirtiesContextTestExecutionListener@58e6d07a, org.springframework.test.context.transaction.TransactionalTestExecutionListener@42d2bbf3, org.springframework.test.context.jdbc.SqlScriptsTestExecutionListener@51ce92bf, org.springframework.security.test.context.support.WithSecurityContextTestExecutionListener@71cb46c0, org.springframework.security.test.context.support.ReactorContextTestExecutionListener@1fc03d83, org.springframework.boot.test.autoconfigure.restdocs.RestDocsTestExecutionListener@489a00ab, org.springframework.boot.test.autoconfigure.web.client.MockRestServiceServerResetTestExecutionListener@6de4286d, org.springframework.boot.test.autoconfigure.web.servlet.MockMvcPrintOnlyOnFailureTestExecutionListener@46b28e57, org.springframework.boot.test.autoconfigure.web.servlet.WebDriverTestExecutionListener@58008f27, org.springframework.boot.test.mock.mockito.ResetMocksTestExecutionListener@408753d4]

  .   ____          _            __ _ _
 /\\ / ___'_ __ _ _(_)_ __  __ _ \ \ \ \
( ( )\___ | '_ | '_| | '_ \/ _` | \ \ \ \
 \\/  ___)| |_)| | | | | || (_| |  ) ) ) )
  '  |____| .__|_| |_|_| |_\__, | / / / /
 =========|_|==============|___/=/_/_/_/
 :: Spring Boot ::        (v2.1.9.RELEASE)

2020-05-03 20:47:32.177  INFO 1984 --- [    Test worker] c.j.b.s.web.HelloControllerTest          : Starting HelloControllerTest on DESKTOP-HMD2HKU with PID 1984 (started by qkrru in C:\Users\qkrru\IdeaProjects\freeloc-springboot2-webservice)
2020-05-03 20:47:32.178  INFO 1984 --- [    Test worker] c.j.b.s.web.HelloControllerTest          : No active profile set, falling back to default profiles: default
2020-05-03 20:47:32.720  INFO 1984 --- [    Test worker] o.s.s.concurrent.ThreadPoolTaskExecutor  : Initializing ExecutorService 'applicationTaskExecutor'
2020-05-03 20:47:32.763  INFO 1984 --- [    Test worker] o.s.b.a.w.s.WelcomePageHandlerMapping    : Adding welcome page template: index
2020-05-03 20:47:33.060  INFO 1984 --- [    Test worker] .s.s.UserDetailsServiceAutoConfiguration : 

Using generated security password: c753c963-bfa2-4598-8240-81c46917d4a6

2020-05-03 20:47:33.196  INFO 1984 --- [    Test worker] o.s.s.web.DefaultSecurityFilterChain     : Creating filter chain: any request, [org.springframework.security.web.context.request.async.WebAsyncManagerIntegrationFilter@53707fc5, org.springframework.security.web.context.SecurityContextPersistenceFilter@3c256434, org.springframework.security.web.header.HeaderWriterFilter@38a1f90f, org.springframework.security.web.csrf.CsrfFilter@32bff0e, org.springframework.security.web.authentication.logout.LogoutFilter@4007d197, org.springframework.security.web.authentication.UsernamePasswordAuthenticationFilter@71ad447b, org.springframework.security.web.authentication.ui.DefaultLoginPageGeneratingFilter@17ffa288, org.springframework.security.web.authentication.ui.DefaultLogoutPageGeneratingFilter@386dbcf4, org.springframework.security.web.authentication.www.BasicAuthenticationFilter@1d18ad46, org.springframework.security.web.savedrequest.RequestCacheAwareFilter@310a0405, org.springframework.security.web.servletapi.SecurityContextHolderAwareRequestFilter@6d4faaa, org.springframework.security.web.authentication.AnonymousAuthenticationFilter@60475422, org.springframework.security.web.session.SessionManagementFilter@64aeb29a, org.springframework.security.web.access.ExceptionTranslationFilter@678d55e0, org.springframework.security.web.access.intercept.FilterSecurityInterceptor@6db06018]
2020-05-03 20:47:33.234  INFO 1984 --- [    Test worker] o.s.b.t.m.w.SpringBootMockServletContext : Initializing Spring TestDispatcherServlet ''
2020-05-03 20:47:33.234  INFO 1984 --- [    Test worker] o.s.t.web.servlet.TestDispatcherServlet  : Initializing Servlet ''
2020-05-03 20:47:33.249  INFO 1984 --- [    Test worker] o.s.t.web.servlet.TestDispatcherServlet  : Completed initialization in 15 ms
2020-05-03 20:47:33.291  INFO 1984 --- [    Test worker] c.j.b.s.web.HelloControllerTest          : Started HelloControllerTest in 1.163 seconds (JVM running for 9.659)
]]></system-out>
  <system-err><![CDATA[]]></system-err>
</testsuite>
