<?xml version="1.0" encoding="UTF-8"?>
<testsuite name="com.jojoldu.book.springboot.domain.posts.PostRepositoryTest" tests="2" skipped="0" failures="0" errors="0" timestamp="2020-05-03T05:40:50" hostname="DESKTOP-HMD2HKU" time="0.326">
  <properties/>
  <testcase name="게시글저장_불러오기" classname="com.jojoldu.book.springboot.domain.posts.PostRepositoryTest" time="0.311"/>
  <testcase name="BaseTimeEntity_등록" classname="com.jojoldu.book.springboot.domain.posts.PostRepositoryTest" time="0.014"/>
  <system-out><![CDATA[2020-05-03 14:40:43.145  INFO 5332 --- [    Test worker] .b.t.c.SpringBootTestContextBootstrapper : Neither @ContextConfiguration nor @ContextHierarchy found for test class [com.jojoldu.book.springboot.domain.posts.PostRepositoryTest], using SpringBootContextLoader
2020-05-03 14:40:43.145  INFO 5332 --- [    Test worker] o.s.t.c.support.AbstractContextLoader    : Could not detect default resource locations for test class [com.jojoldu.book.springboot.domain.posts.PostRepositoryTest]: no resource found for suffixes {-context.xml, Context.groovy}.
2020-05-03 14:40:43.145  INFO 5332 --- [    Test worker] t.c.s.AnnotationConfigContextLoaderUtils : Could not detect default configuration classes for test class [com.jojoldu.book.springboot.domain.posts.PostRepositoryTest]: PostRepositoryTest does not declare any static, non-private, non-final, nested classes annotated with @Configuration.
2020-05-03 14:40:43.161  INFO 5332 --- [    Test worker] .b.t.c.SpringBootTestContextBootstrapper : Found @SpringBootConfiguration com.jojoldu.book.springboot.Application for test class com.jojoldu.book.springboot.domain.posts.PostRepositoryTest
2020-05-03 14:40:43.176  INFO 5332 --- [    Test worker] .b.t.c.SpringBootTestContextBootstrapper : Loaded default TestExecutionListener class names from location [META-INF/spring.factories]: [org.springframework.security.test.context.support.WithSecurityContextTestExecutionListener, org.springframework.security.test.context.support.ReactorContextTestExecutionListener, org.springframework.boot.test.autoconfigure.restdocs.RestDocsTestExecutionListener, org.springframework.boot.test.autoconfigure.web.client.MockRestServiceServerResetTestExecutionListener, org.springframework.boot.test.autoconfigure.web.servlet.MockMvcPrintOnlyOnFailureTestExecutionListener, org.springframework.boot.test.autoconfigure.web.servlet.WebDriverTestExecutionListener, org.springframework.boot.test.mock.mockito.MockitoTestExecutionListener, org.springframework.boot.test.mock.mockito.ResetMocksTestExecutionListener, org.springframework.test.context.web.ServletTestExecutionListener, org.springframework.test.context.support.DirtiesContextBeforeModesTestExecutionListener, org.springframework.test.context.support.DependencyInjectionTestExecutionListener, org.springframework.test.context.support.DirtiesContextTestExecutionListener, org.springframework.test.context.transaction.TransactionalTestExecutionListener, org.springframework.test.context.jdbc.SqlScriptsTestExecutionListener]
2020-05-03 14:40:43.176  INFO 5332 --- [    Test worker] .b.t.c.SpringBootTestContextBootstrapper : Using TestExecutionListeners: [org.springframework.test.context.web.ServletTestExecutionListener@3ccb7044, org.springframework.test.context.support.DirtiesContextBeforeModesTestExecutionListener@68d4b88a, org.springframework.boot.test.mock.mockito.MockitoTestExecutionListener@7ca50529, org.springframework.boot.test.autoconfigure.SpringBootDependencyInjectionTestExecutionListener@5e209590, org.springframework.test.context.support.DirtiesContextTestExecutionListener@390e9740, org.springframework.test.context.transaction.TransactionalTestExecutionListener@74d37803, org.springframework.test.context.jdbc.SqlScriptsTestExecutionListener@208bb7fd, org.springframework.security.test.context.support.WithSecurityContextTestExecutionListener@7add3a69, org.springframework.security.test.context.support.ReactorContextTestExecutionListener@37a416e5, org.springframework.boot.test.autoconfigure.restdocs.RestDocsTestExecutionListener@58587372, org.springframework.boot.test.autoconfigure.web.client.MockRestServiceServerResetTestExecutionListener@259113db, org.springframework.boot.test.autoconfigure.web.servlet.MockMvcPrintOnlyOnFailureTestExecutionListener@360c7b72, org.springframework.boot.test.autoconfigure.web.servlet.WebDriverTestExecutionListener@21885068, org.springframework.boot.test.mock.mockito.ResetMocksTestExecutionListener@3ad064c8]

  .   ____          _            __ _ _
 /\\ / ___'_ __ _ _(_)_ __  __ _ \ \ \ \
( ( )\___ | '_ | '_| | '_ \/ _` | \ \ \ \
 \\/  ___)| |_)| | | | | || (_| |  ) ) ) )
  '  |____| .__|_| |_|_| |_\__, | / / / /
 =========|_|==============|___/=/_/_/_/
 :: Spring Boot ::        (v2.1.9.RELEASE)

2020-05-03 14:40:43.208  INFO 5332 --- [    Test worker] c.j.b.s.domain.posts.PostRepositoryTest  : Starting PostRepositoryTest on DESKTOP-HMD2HKU with PID 5332 (started by qkrru in C:\Users\qkrru\IdeaProjects\freeloc-springboot2-webservice)
2020-05-03 14:40:43.208  INFO 5332 --- [    Test worker] c.j.b.s.domain.posts.PostRepositoryTest  : No active profile set, falling back to default profiles: default
2020-05-03 14:40:43.801  INFO 5332 --- [    Test worker] .s.d.r.c.RepositoryConfigurationDelegate : Bootstrapping Spring Data repositories in DEFAULT mode.
2020-05-03 14:40:43.926  INFO 5332 --- [    Test worker] .s.d.r.c.RepositoryConfigurationDelegate : Finished Spring Data repository scanning in 109ms. Found 2 repository interfaces.
2020-05-03 14:40:44.364  INFO 5332 --- [    Test worker] trationDelegate$BeanPostProcessorChecker : Bean 'org.springframework.transaction.annotation.ProxyTransactionManagementConfiguration' of type [org.springframework.transaction.annotation.ProxyTransactionManagementConfiguration$$EnhancerBySpringCGLIB$$d96789d7] is not eligible for getting processed by all BeanPostProcessors (for example: not eligible for auto-proxying)
2020-05-03 14:40:44.661  INFO 5332 --- [    Test worker] com.zaxxer.hikari.HikariDataSource       : HikariPool-1 - Starting...
2020-05-03 14:40:44.975  INFO 5332 --- [    Test worker] com.zaxxer.hikari.HikariDataSource       : HikariPool-1 - Start completed.
2020-05-03 14:40:45.163  INFO 5332 --- [    Test worker] o.hibernate.jpa.internal.util.LogHelper  : HHH000204: Processing PersistenceUnitInfo [
	name: default
	...]
2020-05-03 14:40:45.288  INFO 5332 --- [    Test worker] org.hibernate.Version                    : HHH000412: Hibernate Core {5.3.12.Final}
2020-05-03 14:40:45.288  INFO 5332 --- [    Test worker] org.hibernate.cfg.Environment            : HHH000206: hibernate.properties not found
2020-05-03 14:40:45.381  INFO 5332 --- [    Test worker] o.hibernate.annotations.common.Version   : HCANN000001: Hibernate Commons Annotations {5.0.4.Final}
2020-05-03 14:40:45.679  INFO 5332 --- [    Test worker] org.hibernate.dialect.Dialect            : HHH000400: Using dialect: org.hibernate.dialect.MySQL5InnoDBDialect
Hibernate: drop table if exists posts
Hibernate: drop table if exists user
Hibernate: create table posts (id bigint not null auto_increment, created_date datetime, modified_date datetime, author varchar(255), content TEXT not null, title varchar(500) not null, primary key (id)) engine=InnoDB
Hibernate: create table user (id bigint not null auto_increment, created_date datetime, modified_date datetime, email varchar(255) not null, name varchar(255) not null, picture varchar(255), role varchar(255) not null, primary key (id)) engine=InnoDB
2020-05-03 14:40:47.172  INFO 5332 --- [    Test worker] o.h.t.schema.internal.SchemaCreatorImpl  : HHH000476: Executing import script 'org.hibernate.tool.schema.internal.exec.ScriptSourceInputNonExistentImpl@2432c63f'
2020-05-03 14:40:47.172  INFO 5332 --- [    Test worker] j.LocalContainerEntityManagerFactoryBean : Initialized JPA EntityManagerFactory for persistence unit 'default'
2020-05-03 14:40:48.064  INFO 5332 --- [    Test worker] o.h.h.i.QueryTranslatorFactoryInitiator  : HHH000397: Using ASTQueryTranslatorFactory
2020-05-03 14:40:48.614  INFO 5332 --- [    Test worker] o.s.s.web.DefaultSecurityFilterChain     : Creating filter chain: any request, [org.springframework.security.web.context.request.async.WebAsyncManagerIntegrationFilter@32614b1c, org.springframework.security.web.context.SecurityContextPersistenceFilter@4bd37ebb, org.springframework.security.web.header.HeaderWriterFilter@451ffde6, org.springframework.security.web.authentication.logout.LogoutFilter@6f02ec11, org.springframework.security.oauth2.client.web.OAuth2AuthorizationRequestRedirectFilter@4d97eb5, org.springframework.security.oauth2.client.web.OAuth2LoginAuthenticationFilter@62712b93, org.springframework.security.web.authentication.ui.DefaultLoginPageGeneratingFilter@3ff47bf2, org.springframework.security.web.authentication.ui.DefaultLogoutPageGeneratingFilter@62c3db03, org.springframework.security.web.savedrequest.RequestCacheAwareFilter@126c1366, org.springframework.security.web.servletapi.SecurityContextHolderAwareRequestFilter@28262c00, org.springframework.security.web.authentication.AnonymousAuthenticationFilter@905597b, org.springframework.security.web.session.SessionManagementFilter@67be0f71, org.springframework.security.web.access.ExceptionTranslationFilter@64b7aa25, org.springframework.security.web.access.intercept.FilterSecurityInterceptor@277fe1c7]
2020-05-03 14:40:49.254  INFO 5332 --- [    Test worker] o.s.s.concurrent.ThreadPoolTaskExecutor  : Initializing ExecutorService 'applicationTaskExecutor'
2020-05-03 14:40:49.286  WARN 5332 --- [    Test worker] aWebConfiguration$JpaWebMvcConfiguration : spring.jpa.open-in-view is enabled by default. Therefore, database queries may be performed during view rendering. Explicitly configure spring.jpa.open-in-view to disable this warning
2020-05-03 14:40:49.348  INFO 5332 --- [    Test worker] o.s.b.a.w.s.WelcomePageHandlerMapping    : Adding welcome page template: index
2020-05-03 14:40:50.228  INFO 5332 --- [    Test worker] s.a.ScheduledAnnotationBeanPostProcessor : No TaskScheduler/ScheduledExecutorService bean found for scheduled processing
2020-05-03 14:40:50.243  INFO 5332 --- [    Test worker] c.j.b.s.domain.posts.PostRepositoryTest  : Started PostRepositoryTest in 7.067 seconds (JVM running for 13.412)
Hibernate: insert into posts (created_date, modified_date, author, content, title) values (?, ?, ?, ?, ?)
Hibernate: select posts0_.id as id1_0_, posts0_.created_date as created_2_0_, posts0_.modified_date as modified3_0_, posts0_.author as author4_0_, posts0_.content as content5_0_, posts0_.title as title6_0_ from posts posts0_
Hibernate: select posts0_.id as id1_0_, posts0_.created_date as created_2_0_, posts0_.modified_date as modified3_0_, posts0_.author as author4_0_, posts0_.content as content5_0_, posts0_.title as title6_0_ from posts posts0_
Hibernate: delete from posts where id=?
Hibernate: insert into posts (created_date, modified_date, author, content, title) values (?, ?, ?, ?, ?)
Hibernate: select posts0_.id as id1_0_, posts0_.created_date as created_2_0_, posts0_.modified_date as modified3_0_, posts0_.author as author4_0_, posts0_.content as content5_0_, posts0_.title as title6_0_ from posts posts0_
<<<<<<<<<<<2020-05-03T14:40:50.556   2020-05-03T14:40:50.556
Hibernate: select posts0_.id as id1_0_, posts0_.created_date as created_2_0_, posts0_.modified_date as modified3_0_, posts0_.author as author4_0_, posts0_.content as content5_0_, posts0_.title as title6_0_ from posts posts0_
Hibernate: delete from posts where id=?
]]></system-out>
  <system-err><![CDATA[]]></system-err>
</testsuite>
