<?xml version="1.0" encoding="UTF-8"?>
<testsuite name="com.jojoldu.book.springboot.web.HelloControllerTest" tests="2" skipped="0" failures="0" errors="0" timestamp="2020-05-06T09:06:13" hostname="DESKTOP-HMD2HKU" time="0.175">
  <properties/>
  <testcase name="hello가_리턴된다" classname="com.jojoldu.book.springboot.web.HelloControllerTest" time="0.076"/>
  <testcase name="helloDto가_리턴된다" classname="com.jojoldu.book.springboot.web.HelloControllerTest" time="0.098"/>
  <system-out><![CDATA[2020-05-06 18:06:12.434  INFO 9016 --- [    Test worker] .b.t.a.w.s.WebMvcTestContextBootstrapper : Neither @ContextConfiguration nor @ContextHierarchy found for test class [com.jojoldu.book.springboot.web.HelloControllerTest], using SpringBootContextLoader
2020-05-06 18:06:12.434  INFO 9016 --- [    Test worker] o.s.t.c.support.AbstractContextLoader    : Could not detect default resource locations for test class [com.jojoldu.book.springboot.web.HelloControllerTest]: no resource found for suffixes {-context.xml, Context.groovy}.
2020-05-06 18:06:12.434  INFO 9016 --- [    Test worker] t.c.s.AnnotationConfigContextLoaderUtils : Could not detect default configuration classes for test class [com.jojoldu.book.springboot.web.HelloControllerTest]: HelloControllerTest does not declare any static, non-private, non-final, nested classes annotated with @Configuration.
2020-05-06 18:06:12.496  INFO 9016 --- [    Test worker] .b.t.c.SpringBootTestContextBootstrapper : Found @SpringBootConfiguration com.jojoldu.book.springboot.Application for test class com.jojoldu.book.springboot.web.HelloControllerTest
2020-05-06 18:06:12.496  INFO 9016 --- [    Test worker] .b.t.a.w.s.WebMvcTestContextBootstrapper : Loaded default TestExecutionListener class names from location [META-INF/spring.factories]: [org.springframework.security.test.context.support.WithSecurityContextTestExecutionListener, org.springframework.security.test.context.support.ReactorContextTestExecutionListener, org.springframework.boot.test.autoconfigure.restdocs.RestDocsTestExecutionListener, org.springframework.boot.test.autoconfigure.web.client.MockRestServiceServerResetTestExecutionListener, org.springframework.boot.test.autoconfigure.web.servlet.MockMvcPrintOnlyOnFailureTestExecutionListener, org.springframework.boot.test.autoconfigure.web.servlet.WebDriverTestExecutionListener, org.springframework.boot.test.mock.mockito.MockitoTestExecutionListener, org.springframework.boot.test.mock.mockito.ResetMocksTestExecutionListener, org.springframework.test.context.web.ServletTestExecutionListener, org.springframework.test.context.support.DirtiesContextBeforeModesTestExecutionListener, org.springframework.test.context.support.DependencyInjectionTestExecutionListener, org.springframework.test.context.support.DirtiesContextTestExecutionListener, org.springframework.test.context.transaction.TransactionalTestExecutionListener, org.springframework.test.context.jdbc.SqlScriptsTestExecutionListener]
2020-05-06 18:06:12.512  INFO 9016 --- [    Test worker] .b.t.a.w.s.WebMvcTestContextBootstrapper : Using TestExecutionListeners: [org.springframework.test.context.web.ServletTestExecutionListener@6cb7f722, org.springframework.test.context.support.DirtiesContextBeforeModesTestExecutionListener@367efec3, org.springframework.boot.test.mock.mockito.MockitoTestExecutionListener@44c1160e, org.springframework.boot.test.autoconfigure.SpringBootDependencyInjectionTestExecutionListener@6a35b02, org.springframework.test.context.support.DirtiesContextTestExecutionListener@55feb213, org.springframework.test.context.transaction.TransactionalTestExecutionListener@1437d689, org.springframework.test.context.jdbc.SqlScriptsTestExecutionListener@588ac367, org.springframework.security.test.context.support.WithSecurityContextTestExecutionListener@44ede83f, org.springframework.security.test.context.support.ReactorContextTestExecutionListener@6423b49b, org.springframework.boot.test.autoconfigure.restdocs.RestDocsTestExecutionListener@4e0aa508, org.springframework.boot.test.autoconfigure.web.client.MockRestServiceServerResetTestExecutionListener@4015d655, org.springframework.boot.test.autoconfigure.web.servlet.MockMvcPrintOnlyOnFailureTestExecutionListener@6b126278, org.springframework.boot.test.autoconfigure.web.servlet.WebDriverTestExecutionListener@12ec94ed, org.springframework.boot.test.mock.mockito.ResetMocksTestExecutionListener@955415d]

  .   ____          _            __ _ _
 /\\ / ___'_ __ _ _(_)_ __  __ _ \ \ \ \
( ( )\___ | '_ | '_| | '_ \/ _` | \ \ \ \
 \\/  ___)| |_)| | | | | || (_| |  ) ) ) )
  '  |____| .__|_| |_|_| |_\__, | / / / /
 =========|_|==============|___/=/_/_/_/
 :: Spring Boot ::        (v2.1.9.RELEASE)

2020-05-06 18:06:12.574  INFO 9016 --- [    Test worker] c.j.b.s.web.HelloControllerTest          : Starting HelloControllerTest on DESKTOP-HMD2HKU with PID 9016 (started by qkrru in C:\Users\qkrru\IdeaProjects\freeloc-springboot2-webservice)
2020-05-06 18:06:12.574  INFO 9016 --- [    Test worker] c.j.b.s.web.HelloControllerTest          : No active profile set, falling back to default profiles: default
2020-05-06 18:06:13.075  INFO 9016 --- [    Test worker] o.s.s.concurrent.ThreadPoolTaskExecutor  : Initializing ExecutorService 'applicationTaskExecutor'
2020-05-06 18:06:13.122  INFO 9016 --- [    Test worker] o.s.b.a.w.s.WelcomePageHandlerMapping    : Adding welcome page template: index
2020-05-06 18:06:13.364  INFO 9016 --- [    Test worker] .s.s.UserDetailsServiceAutoConfiguration : 

Using generated security password: f79e0fa9-2551-48c1-a979-4ec244d94cdf

2020-05-06 18:06:13.615  INFO 9016 --- [    Test worker] o.s.s.web.DefaultSecurityFilterChain     : Creating filter chain: any request, [org.springframework.security.web.context.request.async.WebAsyncManagerIntegrationFilter@6f797469, org.springframework.security.web.context.SecurityContextPersistenceFilter@2de9a982, org.springframework.security.web.header.HeaderWriterFilter@31f70300, org.springframework.security.web.csrf.CsrfFilter@22608928, org.springframework.security.web.authentication.logout.LogoutFilter@1517a9cb, org.springframework.security.web.authentication.UsernamePasswordAuthenticationFilter@3c5eb447, org.springframework.security.web.authentication.ui.DefaultLoginPageGeneratingFilter@4b784c92, org.springframework.security.web.authentication.ui.DefaultLogoutPageGeneratingFilter@784ef8e1, org.springframework.security.web.authentication.www.BasicAuthenticationFilter@a9fe9e8, org.springframework.security.web.savedrequest.RequestCacheAwareFilter@12987a7f, org.springframework.security.web.servletapi.SecurityContextHolderAwareRequestFilter@1b7e942f, org.springframework.security.web.authentication.AnonymousAuthenticationFilter@d6b8ea9, org.springframework.security.web.session.SessionManagementFilter@1778f5df, org.springframework.security.web.access.ExceptionTranslationFilter@7d8858d8, org.springframework.security.web.access.intercept.FilterSecurityInterceptor@330a3a42]
2020-05-06 18:06:13.667  INFO 9016 --- [    Test worker] o.s.b.t.m.w.SpringBootMockServletContext : Initializing Spring TestDispatcherServlet ''
2020-05-06 18:06:13.667  INFO 9016 --- [    Test worker] o.s.t.web.servlet.TestDispatcherServlet  : Initializing Servlet ''
2020-05-06 18:06:13.683  INFO 9016 --- [    Test worker] o.s.t.web.servlet.TestDispatcherServlet  : Completed initialization in 16 ms
2020-05-06 18:06:13.714  INFO 9016 --- [    Test worker] c.j.b.s.web.HelloControllerTest          : Started HelloControllerTest in 1.202 seconds (JVM running for 9.446)
]]></system-out>
  <system-err><![CDATA[]]></system-err>
</testsuite>
