<?xml version="1.0" encoding="UTF-8"?>
<testsuite name="com.jojoldu.book.springboot.web.HelloControllerTest" tests="2" skipped="0" failures="0" errors="0" timestamp="2020-05-03T12:51:20" hostname="DESKTOP-HMD2HKU" time="0.163">
  <properties/>
  <testcase name="hello가_리턴된다" classname="com.jojoldu.book.springboot.web.HelloControllerTest" time="0.071"/>
  <testcase name="helloDto가_리턴된다" classname="com.jojoldu.book.springboot.web.HelloControllerTest" time="0.092"/>
  <system-out><![CDATA[2020-05-03 21:51:19.641  INFO 5828 --- [    Test worker] .b.t.a.w.s.WebMvcTestContextBootstrapper : Neither @ContextConfiguration nor @ContextHierarchy found for test class [com.jojoldu.book.springboot.web.HelloControllerTest], using SpringBootContextLoader
2020-05-03 21:51:19.643  INFO 5828 --- [    Test worker] o.s.t.c.support.AbstractContextLoader    : Could not detect default resource locations for test class [com.jojoldu.book.springboot.web.HelloControllerTest]: no resource found for suffixes {-context.xml, Context.groovy}.
2020-05-03 21:51:19.643  INFO 5828 --- [    Test worker] t.c.s.AnnotationConfigContextLoaderUtils : Could not detect default configuration classes for test class [com.jojoldu.book.springboot.web.HelloControllerTest]: HelloControllerTest does not declare any static, non-private, non-final, nested classes annotated with @Configuration.
2020-05-03 21:51:19.672  INFO 5828 --- [    Test worker] .b.t.c.SpringBootTestContextBootstrapper : Found @SpringBootConfiguration com.jojoldu.book.springboot.Application for test class com.jojoldu.book.springboot.web.HelloControllerTest
2020-05-03 21:51:19.673  INFO 5828 --- [    Test worker] .b.t.a.w.s.WebMvcTestContextBootstrapper : Loaded default TestExecutionListener class names from location [META-INF/spring.factories]: [org.springframework.security.test.context.support.WithSecurityContextTestExecutionListener, org.springframework.security.test.context.support.ReactorContextTestExecutionListener, org.springframework.boot.test.autoconfigure.restdocs.RestDocsTestExecutionListener, org.springframework.boot.test.autoconfigure.web.client.MockRestServiceServerResetTestExecutionListener, org.springframework.boot.test.autoconfigure.web.servlet.MockMvcPrintOnlyOnFailureTestExecutionListener, org.springframework.boot.test.autoconfigure.web.servlet.WebDriverTestExecutionListener, org.springframework.boot.test.mock.mockito.MockitoTestExecutionListener, org.springframework.boot.test.mock.mockito.ResetMocksTestExecutionListener, org.springframework.test.context.web.ServletTestExecutionListener, org.springframework.test.context.support.DirtiesContextBeforeModesTestExecutionListener, org.springframework.test.context.support.DependencyInjectionTestExecutionListener, org.springframework.test.context.support.DirtiesContextTestExecutionListener, org.springframework.test.context.transaction.TransactionalTestExecutionListener, org.springframework.test.context.jdbc.SqlScriptsTestExecutionListener]
2020-05-03 21:51:19.675  INFO 5828 --- [    Test worker] .b.t.a.w.s.WebMvcTestContextBootstrapper : Using TestExecutionListeners: [org.springframework.test.context.web.ServletTestExecutionListener@35777c83, org.springframework.test.context.support.DirtiesContextBeforeModesTestExecutionListener@3b2e1570, org.springframework.boot.test.mock.mockito.MockitoTestExecutionListener@63160b22, org.springframework.boot.test.autoconfigure.SpringBootDependencyInjectionTestExecutionListener@722e28e7, org.springframework.test.context.support.DirtiesContextTestExecutionListener@7c33d145, org.springframework.test.context.transaction.TransactionalTestExecutionListener@377dde26, org.springframework.test.context.jdbc.SqlScriptsTestExecutionListener@64618cf0, org.springframework.security.test.context.support.WithSecurityContextTestExecutionListener@670bf98b, org.springframework.security.test.context.support.ReactorContextTestExecutionListener@5d0b5d6, org.springframework.boot.test.autoconfigure.restdocs.RestDocsTestExecutionListener@5c85d7a4, org.springframework.boot.test.autoconfigure.web.client.MockRestServiceServerResetTestExecutionListener@34ebc6c8, org.springframework.boot.test.autoconfigure.web.servlet.MockMvcPrintOnlyOnFailureTestExecutionListener@c14b67f, org.springframework.boot.test.autoconfigure.web.servlet.WebDriverTestExecutionListener@ceadc2e, org.springframework.boot.test.mock.mockito.ResetMocksTestExecutionListener@7e2012e0]

  .   ____          _            __ _ _
 /\\ / ___'_ __ _ _(_)_ __  __ _ \ \ \ \
( ( )\___ | '_ | '_| | '_ \/ _` | \ \ \ \
 \\/  ___)| |_)| | | | | || (_| |  ) ) ) )
  '  |____| .__|_| |_|_| |_\__, | / / / /
 =========|_|==============|___/=/_/_/_/
 :: Spring Boot ::        (v2.1.9.RELEASE)

2020-05-03 21:51:19.725  INFO 5828 --- [    Test worker] c.j.b.s.web.HelloControllerTest          : Starting HelloControllerTest on DESKTOP-HMD2HKU with PID 5828 (started by qkrru in C:\Users\qkrru\IdeaProjects\freeloc-springboot2-webservice)
2020-05-03 21:51:19.728  INFO 5828 --- [    Test worker] c.j.b.s.web.HelloControllerTest          : No active profile set, falling back to default profiles: default
2020-05-03 21:51:20.277  INFO 5828 --- [    Test worker] o.s.s.concurrent.ThreadPoolTaskExecutor  : Initializing ExecutorService 'applicationTaskExecutor'
2020-05-03 21:51:20.312  INFO 5828 --- [    Test worker] o.s.b.a.w.s.WelcomePageHandlerMapping    : Adding welcome page template: index
2020-05-03 21:51:20.547  INFO 5828 --- [    Test worker] .s.s.UserDetailsServiceAutoConfiguration : 

Using generated security password: f2d997d8-47ea-49ab-8ddd-a5beb97b68c1

2020-05-03 21:51:20.686  INFO 5828 --- [    Test worker] o.s.s.web.DefaultSecurityFilterChain     : Creating filter chain: any request, [org.springframework.security.web.context.request.async.WebAsyncManagerIntegrationFilter@239535aa, org.springframework.security.web.context.SecurityContextPersistenceFilter@47201a52, org.springframework.security.web.header.HeaderWriterFilter@57c48a6c, org.springframework.security.web.csrf.CsrfFilter@4f918449, org.springframework.security.web.authentication.logout.LogoutFilter@2e3ad841, org.springframework.security.web.authentication.UsernamePasswordAuthenticationFilter@7714d277, org.springframework.security.web.authentication.ui.DefaultLoginPageGeneratingFilter@39aebeb4, org.springframework.security.web.authentication.ui.DefaultLogoutPageGeneratingFilter@14e7e280, org.springframework.security.web.authentication.www.BasicAuthenticationFilter@79251edd, org.springframework.security.web.savedrequest.RequestCacheAwareFilter@79b57628, org.springframework.security.web.servletapi.SecurityContextHolderAwareRequestFilter@ad10498, org.springframework.security.web.authentication.AnonymousAuthenticationFilter@4565c537, org.springframework.security.web.session.SessionManagementFilter@14b4ef11, org.springframework.security.web.access.ExceptionTranslationFilter@34914751, org.springframework.security.web.access.intercept.FilterSecurityInterceptor@79f6498d]
2020-05-03 21:51:20.725  INFO 5828 --- [    Test worker] o.s.b.t.m.w.SpringBootMockServletContext : Initializing Spring TestDispatcherServlet ''
2020-05-03 21:51:20.725  INFO 5828 --- [    Test worker] o.s.t.web.servlet.TestDispatcherServlet  : Initializing Servlet ''
2020-05-03 21:51:20.741  INFO 5828 --- [    Test worker] o.s.t.web.servlet.TestDispatcherServlet  : Completed initialization in 16 ms
2020-05-03 21:51:20.773  INFO 5828 --- [    Test worker] c.j.b.s.web.HelloControllerTest          : Started HelloControllerTest in 1.094 seconds (JVM running for 9.199)
]]></system-out>
  <system-err><![CDATA[]]></system-err>
</testsuite>
